<?xml version="1.0" encoding="UTF-8"?>
<!-- Generated by org.testng.reporters.JUnitReportReporter -->
<testsuite skipped="0" hostname="DESKTOP-I2A3Q0S" name="com.cjc.testcases.registertestcase" tests="1" failures="0" timestamp="22 Apr 2020 11:19:45 GMT" time="7.003" errors="0">
  <testcase name="Register" time="7.003" classname="com.cjc.testcases.registertestcase"/>
</testsuite> <!-- com.cjc.testcases.registertestcase -->
