<?xml version="1.0" encoding="UTF-8"?>
<!-- Generated by org.testng.reporters.JUnitReportReporter -->
<testsuite skipped="0" hostname="DESKTOP-I2A3Q0S" name="com.cjc.testcases.NewAdrressTest" tests="1" failures="0" timestamp="21 Apr 2020 14:13:46 GMT" time="8.357" errors="0">
  <testcase name="newAddressCheck" time="8.357" classname="com.cjc.testcases.NewAdrressTest"/>
</testsuite> <!-- com.cjc.testcases.NewAdrressTest -->
