<?xml version="1.0" encoding="UTF-8"?>
<!-- Generated by org.testng.reporters.JUnitReportReporter -->
<testsuite skipped="0" hostname="DESKTOP-I2A3Q0S" name="com.cjc.testcases.SignTest" tests="1" failures="0" timestamp="21 Apr 2020 19:02:27 GMT" time="45.518" errors="0">
  <testcase name="verify" time="45.518" classname="com.cjc.testcases.SignTest"/>
</testsuite> <!-- com.cjc.testcases.SignTest -->
