<?xml version="1.0" encoding="UTF-8"?>
<!-- Generated by org.testng.reporters.JUnitReportReporter -->
<testsuite skipped="0" hostname="DESKTOP-I2A3Q0S" name="com.model.Demo" tests="1" failures="0" timestamp="27 Feb 2020 08:58:11 GMT" time="0.009" errors="0">
  <testcase name="loginTest" time="0.009" classname="com.model.Demo"/>
</testsuite> <!-- com.model.Demo -->
