<?xml version="1.0" encoding="UTF-8"?>
<!-- Generated by org.testng.reporters.JUnitReportReporter -->
<testsuite skipped="0" hostname="DESKTOP-I2A3Q0S" name="com.model.DataProvider1" tests="2" failures="0" timestamp="29 Feb 2020 05:43:25 GMT" time="0.016" errors="0">
  <testcase name="Loginwithvalid" time="0.000" classname="com.model.DataProvider1"/>
  <testcase name="Loginwithvalid" time="0.016" classname="com.model.DataProvider1"/>
</testsuite> <!-- com.model.DataProvider1 -->
