<?xml version="1.0" encoding="UTF-8"?>
<!-- Generated by org.testng.reporters.JUnitReportReporter -->
<testsuite skipped="0" hostname="DESKTOP-I2A3Q0S" name="com.model.Mercury1" tests="1" failures="0" timestamp="27 Feb 2020 10:32:19 GMT" time="1.630" errors="0">
  <testcase name="loginTest" time="1.630" classname="com.model.Mercury1"/>
</testsuite> <!-- com.model.Mercury1 -->
