<?xml version="1.0" encoding="UTF-8"?>
<!-- Generated by org.testng.reporters.JUnitReportReporter -->
<testsuite skipped="0" hostname="DESKTOP-I2A3Q0S" name="com.model.DataProviderMercury" tests="2" failures="0" timestamp="16 May 2020 10:51:48 GMT" time="13.904" errors="0">
  <testcase name="registerpage" time="8.078" classname="com.model.DataProviderMercury"/>
  <testcase name="registerpage" time="5.826" classname="com.model.DataProviderMercury"/>
</testsuite> <!-- com.model.DataProviderMercury -->
