<?xml version="1.0" encoding="UTF-8"?>
<!-- Generated by org.testng.reporters.JUnitReportReporter -->
<testsuite skipped="0" hostname="DESKTOP-I2A3Q0S" name="com.cjc.Test" tests="1" failures="0" timestamp="10 Apr 2020 09:27:52 GMT" time="0.013" errors="0">
  <testcase name="Test" time="0.013" classname="com.cjc.Test"/>
</testsuite> <!-- com.cjc.Test -->
