<?xml version="1.0" encoding="UTF-8"?>
<!-- Generated by org.testng.reporters.JUnitReportReporter -->
<testsuite skipped="0" hostname="DESKTOP-I2A3Q0S" name="MercurySinup.DataProviderMercury" tests="4" failures="0" timestamp="13 Mar 2020 14:31:39 GMT" time="21.933" errors="0">
  <testcase name="login1" time="4.546" classname="MercurySinup.DataProviderMercury"/>
  <testcase name="login" time="8.140" classname="MercurySinup.DataProviderMercury"/>
  <testcase name="login1" time="4.947" classname="MercurySinup.DataProviderMercury"/>
  <testcase name="login" time="4.300" classname="MercurySinup.DataProviderMercury"/>
</testsuite> <!-- MercurySinup.DataProviderMercury -->
