<?xml version="1.0" encoding="UTF-8"?>
<!-- Generated by org.testng.reporters.JUnitReportReporter -->
<testsuite skipped="0" hostname="DESKTOP-I2A3Q0S" name="MercuryValidIn.MercuryValidInvalid" tests="3" failures="0" timestamp="18 Mar 2020 08:53:38 GMT" time="135.255" errors="0">
  <testcase name="login" time="64.212" classname="MercuryValidIn.MercuryValidInvalid"/>
  <testcase name="login3" time="5.618" classname="MercuryValidIn.MercuryValidInvalid"/>
  <testcase name="login1" time="65.425" classname="MercuryValidIn.MercuryValidInvalid"/>
</testsuite> <!-- MercuryValidIn.MercuryValidInvalid -->
