<?xml version="1.0" encoding="UTF-8"?>
<!-- Generated by org.testng.reporters.JUnitReportReporter -->
<testsuite skipped="0" hostname="DESKTOP-I2A3Q0S" name="com.cjc.testcases.RegisterTest" tests="1" failures="0" timestamp="16 Apr 2020 09:28:50 GMT" time="21.297" errors="0">
  <testcase name="regcheck" time="21.297" classname="com.cjc.testcases.RegisterTest"/>
</testsuite> <!-- com.cjc.testcases.RegisterTest -->
